<?xml version="1.0" encoding="utf-8" standalone="no"?>
<!--This file represents the results of running a test suite-->
<test-results name="D:\Sokolov\dotNET\FileExplorerCode\FileBrowser\bin\Debug\FileViewer.dll" total="0" errors="0" failures="0" not-run="0" inconclusive="0" ignored="0" skipped="0" invalid="0" date="2012-10-24" time="10:57:35">
  <environment nunit-version="2.6.2.12296" clr-version="4.0.30319.269" os-version="Microsoft Windows NT 6.1.7601 Service Pack 1" platform="Win32NT" cwd="c:\Program Files (x86)\NUnit 2.6.2\bin" machine-name="EPKZKARW0201" user="Mikhail_Sokolov" user-domain="MOSCOW" />
  <culture-info current-culture="en-US" current-uiculture="en-US" />
  <test-suite type="Assembly" name="D:\Sokolov\dotNET\FileExplorerCode\FileBrowser\bin\Debug\FileViewer.dll" executed="True" result="Inconclusive" success="False" time="0.042" asserts="0" />
</test-results>